# JRE version: OpenJDK Runtime Environment (11.0.15) (build 11.0.15+0-b2043.56-9505619)
# Java VM: OpenJDK 64-Bit Server VM (11.0.15+0-b2043.56-9505619, mixed mode, tiered, compressed oops, g1 gc, windows-amd64)
Heap:
 garbage-first heap   total 251904K, used 89746K [0x0000000080000000, 0x0000000100000000)
  region size 1024K, 51 young (52224K), 8 survivors (8192K)
 Metaspace       used 34768K, capacity 35862K, committed 35920K, reserved 1081344K
  class space    used 4678K, capacity 5086K, committed 5120K, reserved 1048576K
GC Heap History (8 events):
Event: 0.758 GC heap before
{Heap before GC invocations=0 (full 0):
 garbage-first heap   total 251904K, used 29696K [0x0000000080000000, 0x0000000100000000)
  region size 1024K, 24 young (24576K), 0 survivors (0K)
 Metaspace       used 10084K, capacity 10327K, committed 10624K, reserved 1058816K
  class space    used 1024K, capacity 1106K, committed 1152K, reserved 1048576K
}
Event: 0.763 GC heap after
{Heap after GC invocations=1 (full 0):
 garbage-first heap   total 251904K, used 9534K [0x0000000080000000, 0x0000000100000000)
  region size 1024K, 3 young (3072K), 3 survivors (3072K)
 Metaspace       used 10084K, capacity 10327K, committed 10624K, reserved 1058816K
  class space    used 1024K, capacity 1106K, committed 1152K, reserved 1048576K
}
Event: 2.706 GC heap before
{Heap before GC invocations=1 (full 0):
 garbage-first heap   total 251904K, used 106814K [0x0000000080000000, 0x0000000100000000)
  region size 1024K, 98 young (100352K), 3 survivors (3072K)
 Metaspace       used 20798K, capacity 21220K, committed 21296K, reserved 1069056K
  class space    used 2516K, capacity 2667K, committed 2688K, reserved 1048576K
}
Event: 2.717 GC heap after
{Heap after GC invocations=2 (full 0):
 garbage-first heap   total 251904K, used 17556K [0x0000000080000000, 0x0000000100000000)
  region size 1024K, 11 young (11264K), 11 survivors (11264K)
 Metaspace       used 20798K, capacity 21220K, committed 21296K, reserved 1069056K
  class space    used 2516K, capacity 2667K, committed 2688K, reserved 1048576K
}
Event: 2.948 GC heap before
{Heap before GC invocations=3 (full 0):
 garbage-first heap   total 251904K, used 42132K [0x0000000080000000, 0x0000000100000000)
  region size 1024K, 35 young (35840K), 11 survivors (11264K)
 Metaspace       used 22955K, capacity 23535K, committed 23856K, reserved 1071104K
  class space    used 2898K, capacity 3082K, committed 3200K, reserved 1048576K
}
Event: 2.954 GC heap after
{Heap after GC invocations=4 (full 0):
 garbage-first heap   total 251904K, used 18393K [0x0000000080000000, 0x0000000100000000)
  region size 1024K, 2 young (2048K), 2 survivors (2048K)
 Metaspace       used 22955K, capacity 23535K, committed 23856K, reserved 1071104K
  class space    used 2898K, capacity 3082K, committed 3200K, reserved 1048576K
}
Event: 3.824 GC heap before
{Heap before GC invocations=4 (full 0):
 garbage-first heap   total 251904K, used 113625K [0x0000000080000000, 0x0000000100000000)
  region size 1024K, 76 young (77824K), 2 survivors (2048K)
 Metaspace       used 29700K, capacity 30669K, committed 30896K, reserved 1075200K
  class space    used 3944K, capacity 4291K, committed 4352K, reserved 1048576K
}
Event: 3.827 GC heap after
{Heap after GC invocations=5 (full 0):
 garbage-first heap   total 251904K, used 45714K [0x0000000080000000, 0x0000000100000000)
  region size 1024K, 8 young (8192K), 8 survivors (8192K)
 Metaspace       used 29700K, capacity 30669K, committed 30896K, reserved 1075200K
  class space    used 3944K, capacity 4291K, committed 4352K, reserved 1048576K
}

