# JRE version: OpenJDK Runtime Environment (11.0.15) (build 11.0.15+0-b2043.56-9505619)
# Java VM: OpenJDK 64-Bit Server VM (11.0.15+0-b2043.56-9505619, mixed mode, tiered, compressed oops, g1 gc, windows-amd64)
Heap:
 garbage-first heap   total 303104K, used 87110K [0x0000000080000000, 0x0000000100000000)
  region size 1024K, 12 young (12288K), 12 survivors (12288K)
 Metaspace       used 44951K, capacity 46212K, committed 46288K, reserved 1089536K
  class space    used 5717K, capacity 6160K, committed 6220K, reserved 1048576K
GC Heap History (20 events):
Event: 5.780 GC heap after
{Heap after GC invocations=11 (full 0):
 garbage-first heap   total 251904K, used 77760K [0x0000000080000000, 0x0000000100000000)
  region size 1024K, 4 young (4096K), 4 survivors (4096K)
 Metaspace       used 44928K, capacity 46083K, committed 46288K, reserved 1089536K
  class space    used 5715K, capacity 6160K, committed 6220K, reserved 1048576K
}
Event: 5.976 GC heap before
{Heap before GC invocations=11 (full 0):
 garbage-first heap   total 251904K, used 178112K [0x0000000080000000, 0x0000000100000000)
  region size 1024K, 102 young (104448K), 4 survivors (4096K)
 Metaspace       used 44930K, capacity 46083K, committed 46288K, reserved 1089536K
  class space    used 5715K, capacity 6160K, committed 6220K, reserved 1048576K
}
Event: 5.978 GC heap after
{Heap after GC invocations=12 (full 0):
 garbage-first heap   total 251904K, used 78362K [0x0000000080000000, 0x0000000100000000)
  region size 1024K, 4 young (4096K), 4 survivors (4096K)
 Metaspace       used 44930K, capacity 46083K, committed 46288K, reserved 1089536K
  class space    used 5715K, capacity 6160K, committed 6220K, reserved 1048576K
}
Event: 6.153 GC heap before
{Heap before GC invocations=12 (full 0):
 garbage-first heap   total 251904K, used 189978K [0x0000000080000000, 0x0000000100000000)
  region size 1024K, 113 young (115712K), 4 survivors (4096K)
 Metaspace       used 44933K, capacity 46083K, committed 46288K, reserved 1089536K
  class space    used 5715K, capacity 6160K, committed 6220K, reserved 1048576K
}
Event: 6.158 GC heap after
{Heap after GC invocations=13 (full 0):
 garbage-first heap   total 251904K, used 79125K [0x0000000080000000, 0x0000000100000000)
  region size 1024K, 5 young (5120K), 5 survivors (5120K)
 Metaspace       used 44933K, capacity 46083K, committed 46288K, reserved 1089536K
  class space    used 5715K, capacity 6160K, committed 6220K, reserved 1048576K
}
Event: 6.297 GC heap before
{Heap before GC invocations=13 (full 0):
 garbage-first heap   total 251904K, used 191765K [0x0000000080000000, 0x0000000100000000)
  region size 1024K, 115 young (117760K), 5 survivors (5120K)
 Metaspace       used 44942K, capacity 46147K, committed 46288K, reserved 1089536K
  class space    used 5715K, capacity 6160K, committed 6220K, reserved 1048576K
}
Event: 6.300 GC heap after
{Heap after GC invocations=14 (full 0):
 garbage-first heap   total 251904K, used 79840K [0x0000000080000000, 0x0000000100000000)
  region size 1024K, 6 young (6144K), 6 survivors (6144K)
 Metaspace       used 44942K, capacity 46147K, committed 46288K, reserved 1089536K
  class space    used 5715K, capacity 6160K, committed 6220K, reserved 1048576K
}
Event: 6.443 GC heap before
{Heap before GC invocations=14 (full 0):
 garbage-first heap   total 251904K, used 194528K [0x0000000080000000, 0x0000000100000000)
  region size 1024K, 118 young (120832K), 6 survivors (6144K)
 Metaspace       used 44942K, capacity 46147K, committed 46288K, reserved 1089536K
  class space    used 5715K, capacity 6160K, committed 6220K, reserved 1048576K
}
Event: 6.447 GC heap after
{Heap after GC invocations=15 (full 0):
 garbage-first heap   total 251904K, used 80825K [0x0000000080000000, 0x0000000100000000)
  region size 1024K, 7 young (7168K), 7 survivors (7168K)
 Metaspace       used 44942K, capacity 46147K, committed 46288K, reserved 1089536K
  class space    used 5715K, capacity 6160K, committed 6220K, reserved 1048576K
}
Event: 6.602 GC heap before
{Heap before GC invocations=15 (full 0):
 garbage-first heap   total 251904K, used 201657K [0x0000000080000000, 0x0000000100000000)
  region size 1024K, 125 young (128000K), 7 survivors (7168K)
 Metaspace       used 44942K, capacity 46147K, committed 46288K, reserved 1089536K
  class space    used 5715K, capacity 6160K, committed 6220K, reserved 1048576K
}
Event: 6.608 GC heap after
{Heap after GC invocations=16 (full 0):
 garbage-first heap   total 251904K, used 81792K [0x0000000080000000, 0x0000000100000000)
  region size 1024K, 8 young (8192K), 8 survivors (8192K)
 Metaspace       used 44942K, capacity 46147K, committed 46288K, reserved 1089536K
  class space    used 5715K, capacity 6160K, committed 6220K, reserved 1048576K
}
Event: 6.771 GC heap before
{Heap before GC invocations=16 (full 0):
 garbage-first heap   total 251904K, used 206720K [0x0000000080000000, 0x0000000100000000)
  region size 1024K, 130 young (133120K), 8 survivors (8192K)
 Metaspace       used 44943K, capacity 46147K, committed 46288K, reserved 1089536K
  class space    used 5715K, capacity 6160K, committed 6220K, reserved 1048576K
}
Event: 6.775 GC heap after
{Heap after GC invocations=17 (full 0):
 garbage-first heap   total 251904K, used 82723K [0x0000000080000000, 0x0000000100000000)
  region size 1024K, 9 young (9216K), 9 survivors (9216K)
 Metaspace       used 44943K, capacity 46147K, committed 46288K, reserved 1089536K
  class space    used 5715K, capacity 6160K, committed 6220K, reserved 1048576K
}
Event: 6.946 GC heap before
{Heap before GC invocations=17 (full 0):
 garbage-first heap   total 251904K, used 210723K [0x0000000080000000, 0x0000000100000000)
  region size 1024K, 134 young (137216K), 9 survivors (9216K)
 Metaspace       used 44949K, capacity 46211K, committed 46288K, reserved 1089536K
  class space    used 5717K, capacity 6160K, committed 6220K, reserved 1048576K
}
Event: 6.951 GC heap after
{Heap after GC invocations=18 (full 0):
 garbage-first heap   total 251904K, used 83620K [0x0000000080000000, 0x0000000100000000)
  region size 1024K, 9 young (9216K), 9 survivors (9216K)
 Metaspace       used 44949K, capacity 46211K, committed 46288K, reserved 1089536K
  class space    used 5717K, capacity 6160K, committed 6220K, reserved 1048576K
}
Event: 7.126 GC heap before
{Heap before GC invocations=18 (full 0):
 garbage-first heap   total 251904K, used 213668K [0x0000000080000000, 0x0000000100000000)
  region size 1024K, 136 young (139264K), 9 survivors (9216K)
 Metaspace       used 44949K, capacity 46211K, committed 46288K, reserved 1089536K
  class space    used 5717K, capacity 6160K, committed 6220K, reserved 1048576K
}
Event: 7.137 GC heap after
{Heap after GC invocations=19 (full 0):
 garbage-first heap   total 251904K, used 84430K [0x0000000080000000, 0x0000000100000000)
  region size 1024K, 10 young (10240K), 10 survivors (10240K)
 Metaspace       used 44949K, capacity 46211K, committed 46288K, reserved 1089536K
  class space    used 5717K, capacity 6160K, committed 6220K, reserved 1048576K
}
Event: 7.294 GC heap before
{Heap before GC invocations=19 (full 0):
 garbage-first heap   total 251904K, used 213454K [0x0000000080000000, 0x0000000100000000)
  region size 1024K, 136 young (139264K), 10 survivors (10240K)
 Metaspace       used 44949K, capacity 46211K, committed 46288K, reserved 1089536K
  class space    used 5717K, capacity 6160K, committed 6220K, reserved 1048576K
}
Event: 7.298 GC heap after
{Heap after GC invocations=20 (full 0):
 garbage-first heap   total 251904K, used 85583K [0x0000000080000000, 0x0000000100000000)
  region size 1024K, 10 young (10240K), 10 survivors (10240K)
 Metaspace       used 44949K, capacity 46211K, committed 46288K, reserved 1089536K
  class space    used 5717K, capacity 6160K, committed 6220K, reserved 1048576K
}
Event: 7.474 GC heap before
{Heap before GC invocations=20 (full 0):
 garbage-first heap   total 251904K, used 215631K [0x0000000080000000, 0x0000000100000000)
  region size 1024K, 137 young (140288K), 10 survivors (10240K)
 Metaspace       used 44951K, capacity 46212K, committed 46288K, reserved 1089536K
  class space    used 5717K, capacity 6160K, committed 6220K, reserved 1048576K
}

