# JRE version: OpenJDK Runtime Environment (11.0.15) (build 11.0.15+0-b2043.56-9505619)
# Java VM: OpenJDK 64-Bit Server VM (11.0.15+0-b2043.56-9505619, mixed mode, tiered, compressed oops, g1 gc, windows-amd64)
Heap:
 garbage-first heap   total 303104K, used 150655K [0x0000000080000000, 0x0000000100000000)
  region size 1024K, 72 young (73728K), 5 survivors (5120K)
 Metaspace       used 50584K, capacity 51913K, committed 52176K, reserved 1095680K
  class space    used 6457K, capacity 6931K, committed 7040K, reserved 1048576K
GC Heap History (20 events):
Event: 9.215 GC heap before
{Heap before GC invocations=15 (full 0):
 garbage-first heap   total 251904K, used 208771K [0x0000000080000000, 0x0000000100000000)
  region size 1024K, 139 young (142336K), 13 survivors (13312K)
 Metaspace       used 50111K, capacity 51341K, committed 51536K, reserved 1093632K
  class space    used 6408K, capacity 6873K, committed 6912K, reserved 1048576K
}
Event: 9.222 GC heap after
{Heap after GC invocations=16 (full 0):
 garbage-first heap   total 251904K, used 81238K [0x0000000080000000, 0x0000000100000000)
  region size 1024K, 6 young (6144K), 6 survivors (6144K)
 Metaspace       used 50111K, capacity 51341K, committed 51536K, reserved 1093632K
  class space    used 6408K, capacity 6873K, committed 6912K, reserved 1048576K
}
Event: 9.360 GC heap before
{Heap before GC invocations=16 (full 0):
 garbage-first heap   total 251904K, used 211286K [0x0000000080000000, 0x0000000100000000)
  region size 1024K, 133 young (136192K), 6 survivors (6144K)
 Metaspace       used 50111K, capacity 51341K, committed 51536K, reserved 1093632K
  class space    used 6408K, capacity 6873K, committed 6912K, reserved 1048576K
}
Event: 9.364 GC heap after
{Heap after GC invocations=17 (full 0):
 garbage-first heap   total 251904K, used 81595K [0x0000000080000000, 0x0000000100000000)
  region size 1024K, 6 young (6144K), 6 survivors (6144K)
 Metaspace       used 50111K, capacity 51341K, committed 51536K, reserved 1093632K
  class space    used 6408K, capacity 6873K, committed 6912K, reserved 1048576K
}
Event: 9.512 GC heap before
{Heap before GC invocations=17 (full 0):
 garbage-first heap   total 251904K, used 214715K [0x0000000080000000, 0x0000000100000000)
  region size 1024K, 134 young (137216K), 6 survivors (6144K)
 Metaspace       used 50125K, capacity 51341K, committed 51536K, reserved 1093632K
  class space    used 6408K, capacity 6873K, committed 6912K, reserved 1048576K
}
Event: 9.515 GC heap after
{Heap after GC invocations=18 (full 0):
 garbage-first heap   total 251904K, used 78443K [0x0000000080000000, 0x0000000100000000)
  region size 1024K, 5 young (5120K), 5 survivors (5120K)
 Metaspace       used 50125K, capacity 51341K, committed 51536K, reserved 1093632K
  class space    used 6408K, capacity 6873K, committed 6912K, reserved 1048576K
}
Event: 9.802 GC heap before
{Heap before GC invocations=18 (full 0):
 garbage-first heap   total 251904K, used 213611K [0x0000000080000000, 0x0000000100000000)
  region size 1024K, 137 young (140288K), 5 survivors (5120K)
 Metaspace       used 50125K, capacity 51341K, committed 51536K, reserved 1093632K
  class space    used 6408K, capacity 6873K, committed 6912K, reserved 1048576K
}
Event: 9.806 GC heap after
{Heap after GC invocations=19 (full 0):
 garbage-first heap   total 251904K, used 79622K [0x0000000080000000, 0x0000000100000000)
  region size 1024K, 6 young (6144K), 6 survivors (6144K)
 Metaspace       used 50125K, capacity 51341K, committed 51536K, reserved 1093632K
  class space    used 6408K, capacity 6873K, committed 6912K, reserved 1048576K
}
Event: 10.073 GC heap before
{Heap before GC invocations=19 (full 0):
 garbage-first heap   total 251904K, used 214790K [0x0000000080000000, 0x0000000100000000)
  region size 1024K, 138 young (141312K), 6 survivors (6144K)
 Metaspace       used 50125K, capacity 51341K, committed 51536K, reserved 1093632K
  class space    used 6408K, capacity 6873K, committed 6912K, reserved 1048576K
}
Event: 10.076 GC heap after
{Heap after GC invocations=20 (full 0):
 garbage-first heap   total 251904K, used 80273K [0x0000000080000000, 0x0000000100000000)
  region size 1024K, 7 young (7168K), 7 survivors (7168K)
 Metaspace       used 50125K, capacity 51341K, committed 51536K, reserved 1093632K
  class space    used 6408K, capacity 6873K, committed 6912K, reserved 1048576K
}
Event: 10.342 GC heap before
{Heap before GC invocations=20 (full 0):
 garbage-first heap   total 251904K, used 215441K [0x0000000080000000, 0x0000000100000000)
  region size 1024K, 139 young (142336K), 7 survivors (7168K)
 Metaspace       used 50128K, capacity 51341K, committed 51536K, reserved 1093632K
  class space    used 6408K, capacity 6873K, committed 6912K, reserved 1048576K
}
Event: 10.347 GC heap after
{Heap after GC invocations=21 (full 0):
 garbage-first heap   total 251904K, used 81477K [0x0000000080000000, 0x0000000100000000)
  region size 1024K, 8 young (8192K), 8 survivors (8192K)
 Metaspace       used 50128K, capacity 51341K, committed 51536K, reserved 1093632K
  class space    used 6408K, capacity 6873K, committed 6912K, reserved 1048576K
}
Event: 11.159 GC heap before
{Heap before GC invocations=21 (full 0):
 garbage-first heap   total 251904K, used 220741K [0x0000000080000000, 0x0000000100000000)
  region size 1024K, 140 young (143360K), 8 survivors (8192K)
 Metaspace       used 50239K, capacity 51590K, committed 51920K, reserved 1093632K
  class space    used 6423K, capacity 6913K, committed 7040K, reserved 1048576K
}
Event: 11.163 GC heap after
{Heap after GC invocations=22 (full 0):
 garbage-first heap   total 303104K, used 78335K [0x0000000080000000, 0x0000000100000000)
  region size 1024K, 5 young (5120K), 5 survivors (5120K)
 Metaspace       used 50239K, capacity 51590K, committed 51920K, reserved 1093632K
  class space    used 6423K, capacity 6913K, committed 7040K, reserved 1048576K
}
Event: 11.428 GC heap before
{Heap before GC invocations=22 (full 0):
 garbage-first heap   total 303104K, used 248319K [0x0000000080000000, 0x0000000100000000)
  region size 1024K, 171 young (175104K), 5 survivors (5120K)
 Metaspace       used 50303K, capacity 51611K, committed 51920K, reserved 1093632K
  class space    used 6436K, capacity 6920K, committed 7040K, reserved 1048576K
}
Event: 11.432 GC heap after
{Heap after GC invocations=23 (full 0):
 garbage-first heap   total 303104K, used 80801K [0x0000000080000000, 0x0000000100000000)
  region size 1024K, 7 young (7168K), 7 survivors (7168K)
 Metaspace       used 50303K, capacity 51611K, committed 51920K, reserved 1093632K
  class space    used 6436K, capacity 6920K, committed 7040K, reserved 1048576K
}
Event: 11.729 GC heap before
{Heap before GC invocations=23 (full 0):
 garbage-first heap   total 303104K, used 254881K [0x0000000080000000, 0x0000000100000000)
  region size 1024K, 177 young (181248K), 7 survivors (7168K)
 Metaspace       used 50303K, capacity 51611K, committed 51920K, reserved 1093632K
  class space    used 6436K, capacity 6920K, committed 7040K, reserved 1048576K
}
Event: 11.733 GC heap after
{Heap after GC invocations=24 (full 0):
 garbage-first heap   total 303104K, used 83700K [0x0000000080000000, 0x0000000100000000)
  region size 1024K, 10 young (10240K), 10 survivors (10240K)
 Metaspace       used 50303K, capacity 51611K, committed 51920K, reserved 1093632K
  class space    used 6436K, capacity 6920K, committed 7040K, reserved 1048576K
}
Event: 12.036 GC heap before
{Heap before GC invocations=24 (full 0):
 garbage-first heap   total 303104K, used 256756K [0x0000000080000000, 0x0000000100000000)
  region size 1024K, 177 young (181248K), 10 survivors (10240K)
 Metaspace       used 50352K, capacity 51675K, committed 51920K, reserved 1093632K
  class space    used 6439K, capacity 6920K, committed 7040K, reserved 1048576K
}
Event: 12.040 GC heap after
{Heap after GC invocations=25 (full 0):
 garbage-first heap   total 303104K, used 75903K [0x0000000080000000, 0x0000000100000000)
  region size 1024K, 5 young (5120K), 5 survivors (5120K)
 Metaspace       used 50352K, capacity 51675K, committed 51920K, reserved 1093632K
  class space    used 6439K, capacity 6920K, committed 7040K, reserved 1048576K
}

