# JRE version: OpenJDK Runtime Environment (11.0.15) (build 11.0.15+0-b2043.56-9505619)
# Java VM: OpenJDK 64-Bit Server VM (11.0.15+0-b2043.56-9505619, mixed mode, tiered, compressed oops, g1 gc, windows-amd64)
Heap:
 garbage-first heap   total 303104K, used 82930K [0x0000000080000000, 0x0000000100000000)
  region size 1024K, 10 young (10240K), 10 survivors (10240K)
 Metaspace       used 50507K, capacity 51889K, committed 52048K, reserved 1093632K
  class space    used 6450K, capacity 6964K, committed 7072K, reserved 1048576K
GC Heap History (20 events):
Event: 6.890 GC heap after
{Heap after GC invocations=11 (full 0):
 garbage-first heap   total 251904K, used 74147K [0x0000000080000000, 0x0000000100000000)
  region size 1024K, 7 young (7168K), 7 survivors (7168K)
 Metaspace       used 50488K, capacity 51889K, committed 52048K, reserved 1093632K
  class space    used 6449K, capacity 6964K, committed 7072K, reserved 1048576K
}
Event: 7.013 GC heap before
{Heap before GC invocations=11 (full 0):
 garbage-first heap   total 251904K, used 207267K [0x0000000080000000, 0x0000000100000000)
  region size 1024K, 137 young (140288K), 7 survivors (7168K)
 Metaspace       used 50489K, capacity 51889K, committed 52048K, reserved 1093632K
  class space    used 6449K, capacity 6964K, committed 7072K, reserved 1048576K
}
Event: 7.017 GC heap after
{Heap after GC invocations=12 (full 0):
 garbage-first heap   total 251904K, used 75741K [0x0000000080000000, 0x0000000100000000)
  region size 1024K, 9 young (9216K), 9 survivors (9216K)
 Metaspace       used 50489K, capacity 51889K, committed 52048K, reserved 1093632K
  class space    used 6449K, capacity 6964K, committed 7072K, reserved 1048576K
}
Event: 7.133 GC heap before
{Heap before GC invocations=12 (full 0):
 garbage-first heap   total 251904K, used 207837K [0x0000000080000000, 0x0000000100000000)
  region size 1024K, 139 young (142336K), 9 survivors (9216K)
 Metaspace       used 50489K, capacity 51889K, committed 52048K, reserved 1093632K
  class space    used 6449K, capacity 6964K, committed 7072K, reserved 1048576K
}
Event: 7.137 GC heap after
{Heap after GC invocations=13 (full 0):
 garbage-first heap   total 251904K, used 76621K [0x0000000080000000, 0x0000000100000000)
  region size 1024K, 10 young (10240K), 10 survivors (10240K)
 Metaspace       used 50489K, capacity 51889K, committed 52048K, reserved 1093632K
  class space    used 6449K, capacity 6964K, committed 7072K, reserved 1048576K
}
Event: 7.265 GC heap before
{Heap before GC invocations=13 (full 0):
 garbage-first heap   total 251904K, used 210765K [0x0000000080000000, 0x0000000100000000)
  region size 1024K, 141 young (144384K), 10 survivors (10240K)
 Metaspace       used 50499K, capacity 51889K, committed 52048K, reserved 1093632K
  class space    used 6449K, capacity 6964K, committed 7072K, reserved 1048576K
}
Event: 7.268 GC heap after
{Heap after GC invocations=14 (full 0):
 garbage-first heap   total 251904K, used 75647K [0x0000000080000000, 0x0000000100000000)
  region size 1024K, 9 young (9216K), 9 survivors (9216K)
 Metaspace       used 50499K, capacity 51889K, committed 52048K, reserved 1093632K
  class space    used 6449K, capacity 6964K, committed 7072K, reserved 1048576K
}
Event: 7.399 GC heap before
{Heap before GC invocations=14 (full 0):
 garbage-first heap   total 251904K, used 214911K [0x0000000080000000, 0x0000000100000000)
  region size 1024K, 145 young (148480K), 9 survivors (9216K)
 Metaspace       used 50500K, capacity 51889K, committed 52048K, reserved 1093632K
  class space    used 6449K, capacity 6964K, committed 7072K, reserved 1048576K
}
Event: 7.404 GC heap after
{Heap after GC invocations=15 (full 0):
 garbage-first heap   total 251904K, used 76825K [0x0000000080000000, 0x0000000100000000)
  region size 1024K, 10 young (10240K), 10 survivors (10240K)
 Metaspace       used 50500K, capacity 51889K, committed 52048K, reserved 1093632K
  class space    used 6449K, capacity 6964K, committed 7072K, reserved 1048576K
}
Event: 7.532 GC heap before
{Heap before GC invocations=15 (full 0):
 garbage-first heap   total 251904K, used 215065K [0x0000000080000000, 0x0000000100000000)
  region size 1024K, 145 young (148480K), 10 survivors (10240K)
 Metaspace       used 50501K, capacity 51889K, committed 52048K, reserved 1093632K
  class space    used 6449K, capacity 6964K, committed 7072K, reserved 1048576K
}
Event: 7.537 GC heap after
{Heap after GC invocations=16 (full 0):
 garbage-first heap   total 251904K, used 77731K [0x0000000080000000, 0x0000000100000000)
  region size 1024K, 11 young (11264K), 11 survivors (11264K)
 Metaspace       used 50501K, capacity 51889K, committed 52048K, reserved 1093632K
  class space    used 6449K, capacity 6964K, committed 7072K, reserved 1048576K
}
Event: 7.673 GC heap before
{Heap before GC invocations=16 (full 0):
 garbage-first heap   total 251904K, used 213923K [0x0000000080000000, 0x0000000100000000)
  region size 1024K, 144 young (147456K), 11 survivors (11264K)
 Metaspace       used 50501K, capacity 51889K, committed 52048K, reserved 1093632K
  class space    used 6449K, capacity 6964K, committed 7072K, reserved 1048576K
}
Event: 7.679 GC heap after
{Heap after GC invocations=17 (full 0):
 garbage-first heap   total 251904K, used 78676K [0x0000000080000000, 0x0000000100000000)
  region size 1024K, 9 young (9216K), 9 survivors (9216K)
 Metaspace       used 50501K, capacity 51889K, committed 52048K, reserved 1093632K
  class space    used 6449K, capacity 6964K, committed 7072K, reserved 1048576K
}
Event: 7.799 GC heap before
{Heap before GC invocations=17 (full 0):
 garbage-first heap   total 251904K, used 215892K [0x0000000080000000, 0x0000000100000000)
  region size 1024K, 143 young (146432K), 9 survivors (9216K)
 Metaspace       used 50506K, capacity 51889K, committed 52048K, reserved 1093632K
  class space    used 6450K, capacity 6964K, committed 7072K, reserved 1048576K
}
Event: 7.803 GC heap after
{Heap after GC invocations=18 (full 0):
 garbage-first heap   total 251904K, used 80141K [0x0000000080000000, 0x0000000100000000)
  region size 1024K, 10 young (10240K), 10 survivors (10240K)
 Metaspace       used 50506K, capacity 51889K, committed 52048K, reserved 1093632K
  class space    used 6450K, capacity 6964K, committed 7072K, reserved 1048576K
}
Event: 7.920 GC heap before
{Heap before GC invocations=18 (full 0):
 garbage-first heap   total 251904K, used 215309K [0x0000000080000000, 0x0000000100000000)
  region size 1024K, 142 young (145408K), 10 survivors (10240K)
 Metaspace       used 50506K, capacity 51889K, committed 52048K, reserved 1093632K
  class space    used 6450K, capacity 6964K, committed 7072K, reserved 1048576K
}
Event: 7.923 GC heap after
{Heap after GC invocations=19 (full 0):
 garbage-first heap   total 251904K, used 80346K [0x0000000080000000, 0x0000000100000000)
  region size 1024K, 10 young (10240K), 10 survivors (10240K)
 Metaspace       used 50506K, capacity 51889K, committed 52048K, reserved 1093632K
  class space    used 6450K, capacity 6964K, committed 7072K, reserved 1048576K
}
Event: 8.047 GC heap before
{Heap before GC invocations=19 (full 0):
 garbage-first heap   total 251904K, used 215514K [0x0000000080000000, 0x0000000100000000)
  region size 1024K, 142 young (145408K), 10 survivors (10240K)
 Metaspace       used 50507K, capacity 51889K, committed 52048K, reserved 1093632K
  class space    used 6450K, capacity 6964K, committed 7072K, reserved 1048576K
}
Event: 8.051 GC heap after
{Heap after GC invocations=20 (full 0):
 garbage-first heap   total 251904K, used 81361K [0x0000000080000000, 0x0000000100000000)
  region size 1024K, 11 young (11264K), 11 survivors (11264K)
 Metaspace       used 50507K, capacity 51889K, committed 52048K, reserved 1093632K
  class space    used 6450K, capacity 6964K, committed 7072K, reserved 1048576K
}
Event: 8.183 GC heap before
{Heap before GC invocations=20 (full 0):
 garbage-first heap   total 251904K, used 213457K [0x0000000080000000, 0x0000000100000000)
  region size 1024K, 140 young (143360K), 11 survivors (11264K)
 Metaspace       used 50507K, capacity 51889K, committed 52048K, reserved 1093632K
  class space    used 6450K, capacity 6964K, committed 7072K, reserved 1048576K
}

